<?xml version="1.0" encoding="UTF-8"?>
<testng-results ignored="0" total="3" passed="3" failed="0" skipped="0">
  <reporter-output>
  </reporter-output>
  <suite started-at="2021-08-16T10:06:09 IST" name="Default suite" finished-at="2021-08-16T10:06:09 IST" duration-ms="64">
    <groups>
    </groups>
    <test started-at="2021-08-16T10:06:09 IST" name="Default test" finished-at="2021-08-16T10:06:09 IST" duration-ms="64">
      <class name="TestNG.AssertionExample">
        <test-method signature="Bool()[pri:0, instance:TestNG.AssertionExample@2ddc8ecb]" started-at="2021-08-16T10:06:09 IST" name="Bool" finished-at="2021-08-16T10:06:09 IST" duration-ms="15" status="PASS">
          <reporter-output>
          </reporter-output>
        </test-method> <!-- Bool -->
        <test-method signature="Integer()[pri:0, instance:TestNG.AssertionExample@2ddc8ecb]" started-at="2021-08-16T10:06:09 IST" name="Integer" finished-at="2021-08-16T10:06:09 IST" duration-ms="1" status="PASS">
          <reporter-output>
          </reporter-output>
        </test-method> <!-- Integer -->
        <test-method signature="Sample()[pri:0, instance:TestNG.AssertionExample@2ddc8ecb]" started-at="2021-08-16T10:06:09 IST" name="Sample" finished-at="2021-08-16T10:06:09 IST" duration-ms="1" status="PASS">
          <reporter-output>
          </reporter-output>
        </test-method> <!-- Sample -->
      </class> <!-- TestNG.AssertionExample -->
    </test> <!-- Default test -->
  </suite> <!-- Default suite -->
</testng-results>
