<?xml version="1.0" encoding="UTF-8"?>
<!-- Generated by org.testng.reporters.JUnitXMLReporter -->
<testsuite ignored="0" hostname="Jodan" failures="0" tests="3" name="Default test" time="0.064" errors="0" timestamp="2021-08-16T10:06:09 IST">
  <testcase classname="TestNG.AssertionExample" name="Bool" time="0.015"/>
  <testcase classname="TestNG.AssertionExample" name="Integer" time="0.001"/>
  <testcase classname="TestNG.AssertionExample" name="Sample" time="0.001"/>
</testsuite> <!-- Default test -->
